[2025-07-20T18:36:26.071+0000] {local_task_job_runner.py:120} INFO - ::group::Pre task execution logs
[2025-07-20T18:36:26.112+0000] {taskinstance.py:2073} INFO - Dependencies all met for dep_context=non-requeueable deps ti=<TaskInstance: dag1.extract_to_s3 manual__2025-07-20T18:36:21.712127+00:00 [queued]>
[2025-07-20T18:36:26.129+0000] {taskinstance.py:2073} INFO - Dependencies all met for dep_context=requeueable deps ti=<TaskInstance: dag1.extract_to_s3 manual__2025-07-20T18:36:21.712127+00:00 [queued]>
[2025-07-20T18:36:26.130+0000] {taskinstance.py:2303} INFO - Starting attempt 1 of 2
[2025-07-20T18:36:26.178+0000] {taskinstance.py:2327} INFO - Executing <Task(PythonOperator): extract_to_s3> on 2025-07-20 18:36:21.712127+00:00
[2025-07-20T18:36:26.194+0000] {warnings.py:110} WARNING - /home/***/.local/lib/python3.12/site-packages/***/task/task_runner/standard_task_runner.py:61: DeprecationWarning: This process (pid=587) is multi-threaded, use of fork() may lead to deadlocks in the child.
  pid = os.fork()

[2025-07-20T18:36:26.198+0000] {standard_task_runner.py:63} INFO - Started process 589 to run task
[2025-07-20T18:36:26.199+0000] {standard_task_runner.py:90} INFO - Running: ['***', 'tasks', 'run', 'dag1', 'extract_to_s3', 'manual__2025-07-20T18:36:21.712127+00:00', '--job-id', '12', '--raw', '--subdir', 'DAGS_FOLDER/app_dag.py', '--cfg-path', '/tmp/tmp9x11oo9l']
[2025-07-20T18:36:26.201+0000] {standard_task_runner.py:91} INFO - Job 12: Subtask extract_to_s3
[2025-07-20T18:36:26.301+0000] {task_command.py:426} INFO - Running <TaskInstance: dag1.extract_to_s3 manual__2025-07-20T18:36:21.712127+00:00 [running]> on host 75e48cf8ec49
[2025-07-20T18:36:26.480+0000] {taskinstance.py:2644} INFO - Exporting env vars: AIRFLOW_CTX_DAG_OWNER='rofiat' AIRFLOW_CTX_DAG_ID='dag1' AIRFLOW_CTX_TASK_ID='extract_to_s3' AIRFLOW_CTX_EXECUTION_DATE='2025-07-20T18:36:21.712127+00:00' AIRFLOW_CTX_TRY_NUMBER='1' AIRFLOW_CTX_DAG_RUN_ID='manual__2025-07-20T18:36:21.712127+00:00'
[2025-07-20T18:36:26.484+0000] {taskinstance.py:430} INFO - ::endgroup::
[2025-07-20T18:36:30.168+0000] {logging_mixin.py:188} INFO - Data written to s3 successfully
[2025-07-20T18:36:30.171+0000] {python.py:237} INFO - Done. Returned value was:    gender                             email           phone            cell
0  female            elif.bicer@example.com  (139)-242-7813  (962)-818-9091
1  female  valentina.urbanovich@example.com  (097) F83-9509  (068) R76-1667
2  female          esma.erbulak@example.com  (813)-611-7146  (105)-432-2106
3    male           george.chen@example.com  (141)-676-8331  (365)-476-3731
4  female    magdalena.lapcevic@example.com    016-7393-764    062-8619-019
5  female          brandie.reed@example.com    05-3720-2319    0412-814-374
6    male       philip.thompson@example.com    D96 W18-7966    M97 L05-8735
7  female     priyanka.saldanha@example.com      8803578535      8566407177
8  female          martha.davis@example.com  (381) 241-7256  (520) 752-6442
9  female          enni.haataja@example.com      04-979-093   044-288-22-15
[2025-07-20T18:36:30.265+0000] {taskinstance.py:441} INFO - ::group::Post task execution logs
[2025-07-20T18:36:30.363+0000] {taskinstance.py:1205} INFO - Marking task as SUCCESS. dag_id=dag1, task_id=extract_to_s3, execution_date=20250720T183621, start_date=20250720T183626, end_date=20250720T183630
[2025-07-20T18:36:30.440+0000] {local_task_job_runner.py:240} INFO - Task exited with return code 0
[2025-07-20T18:36:30.480+0000] {taskinstance.py:3482} INFO - 0 downstream tasks scheduled from follow-on schedule check
[2025-07-20T18:36:30.484+0000] {local_task_job_runner.py:222} INFO - ::endgroup::
